[2017-08-16 02:15:01.480] [DEBUG] accessLog - GET /
[2017-08-16 02:15:01.704] [DEBUG] accessLog - GET /favicon.ico
[2017-08-16 02:15:02.060] [DEBUG] accessLog - GET /favicon.ico
[2017-08-16 02:17:23.445] [DEBUG] accessLog - GET /
[2017-08-16 02:24:26.882] [DEBUG] accessLog - GET /
[2017-08-16 02:28:02.796] [DEBUG] accessLog - GET /
[2017-08-16 02:28:27.634] [DEBUG] accessLog - GET /
[2017-08-16 02:28:58.162] [DEBUG] accessLog - GET /
[2017-08-16 02:28:58.921] [DEBUG] accessLog - GET /favicon.ico
[2017-08-16 02:28:58.937] [DEBUG] accessLog - GET /favicon.ico
[2017-08-16 02:30:11.382] [DEBUG] accessLog - GET /
[2017-08-16 02:32:01.462] [DEBUG] accessLog - GET /
[2017-08-16 02:32:14.464] [DEBUG] accessLog - GET /
[2017-08-16 02:32:27.064] [DEBUG] accessLog - GET /
[2017-08-16 02:35:18.646] [DEBUG] accessLog - GET /
[2017-08-16 02:35:30.474] [DEBUG] accessLog - GET /html.index
[2017-08-16 02:36:25.862] [DEBUG] accessLog - GET /
[2017-08-16 02:36:34.008] [DEBUG] accessLog - GET /index.html
[2017-08-16 02:36:42.123] [DEBUG] accessLog - GET /
[2017-08-16 02:36:48.298] [DEBUG] accessLog - GET /index.html
[2017-08-16 02:37:40.840] [DEBUG] accessLog - GET /
[2017-08-16 02:41:10.465] [DEBUG] accessLog - GET /
[2017-08-16 02:41:58.718] [DEBUG] accessLog - GET /
[2017-08-16 02:42:24.334] [DEBUG] accessLog - GET /
[2017-08-16 02:43:27.502] [DEBUG] accessLog - GET /
[2017-08-16 02:44:09.648] [DEBUG] accessLog - GET /
[2017-08-16 02:44:23.436] [DEBUG] accessLog - GET /
[2017-08-16 02:48:39.276] [DEBUG] accessLog - GET /
[2017-08-16 02:48:49.920] [DEBUG] accessLog - GET /index%E3%80%82html
[2017-08-16 02:48:54.961] [DEBUG] accessLog - GET /index.html
[2017-08-16 02:56:58.586] [DEBUG] accessLog - GET /
[2017-08-16 02:57:17.105] [DEBUG] accessLog - GET /
[2017-08-16 02:57:44.546] [DEBUG] accessLog - GET /
