[2017-09-03 21:03:51.999] [DEBUG] accessLog - GET /
[2017-09-03 21:03:52.651] [DEBUG] accessLog - GET /favicon.ico
[2017-09-03 21:04:35.023] [DEBUG] accessLog - GET /
[2017-09-03 21:39:10.077] [DEBUG] accessLog - GET /
[2017-09-03 21:39:28.461] [DEBUG] accessLog - GET /
[2017-09-03 21:39:28.855] [DEBUG] accessLog - GET /public/js/menu/menu.htm
[2017-09-03 22:08:47.557] [DEBUG] accessLog - GET /
[2017-09-03 22:09:30.133] [DEBUG] accessLog - GET /
[2017-09-03 22:11:18.247] [DEBUG] accessLog - GET /
[2017-09-03 22:23:56.099] [DEBUG] accessLog - GET /
[2017-09-03 22:24:03.158] [DEBUG] accessLog - GET /
[2017-09-03 22:24:15.304] [DEBUG] accessLog - GET /
[2017-09-03 22:25:03.595] [DEBUG] accessLog - GET /
[2017-09-03 22:25:23.607] [DEBUG] accessLog - GET /
[2017-09-03 22:26:34.650] [DEBUG] accessLog - GET /
[2017-09-03 22:27:38.927] [DEBUG] accessLog - GET /
[2017-09-03 22:41:26.504] [DEBUG] accessLog - GET /
[2017-09-03 22:41:44.777] [DEBUG] accessLog - GET /
[2017-09-03 22:48:24.586] [DEBUG] accessLog - GET /
[2017-09-03 22:53:48.510] [DEBUG] accessLog - GET /
[2017-09-03 22:56:01.593] [DEBUG] accessLog - GET /
[2017-09-03 22:59:04.273] [DEBUG] accessLog - GET /
[2017-09-03 22:59:05.300] [DEBUG] accessLog - GET /%7B%7Burl%7D%7D
[2017-09-03 22:59:05.302] [DEBUG] accessLog - GET /%7B%7Burl%7D%7D
[2017-09-03 22:59:05.304] [DEBUG] accessLog - GET /%7B%7Burl%7D%7D
[2017-09-03 22:59:05.305] [DEBUG] accessLog - GET /%7B%7Burl%7D%7D
[2017-09-03 23:00:34.162] [DEBUG] accessLog - GET /
[2017-09-03 23:00:34.848] [DEBUG] accessLog - GET /%7B%7Burl%7D%7D
[2017-09-03 23:00:34.851] [DEBUG] accessLog - GET /%7B%7Burl%7D%7D
[2017-09-03 23:00:34.853] [DEBUG] accessLog - GET /%7B%7Burl%7D%7D
[2017-09-03 23:00:34.854] [DEBUG] accessLog - GET /%7B%7Burl%7D%7D
[2017-09-03 23:01:03.277] [DEBUG] accessLog - GET /
[2017-09-03 23:01:04.849] [DEBUG] accessLog - GET /%7B%7Burl%7D%7D
[2017-09-03 23:01:04.852] [DEBUG] accessLog - GET /%7B%7Burl%7D%7D
[2017-09-03 23:01:04.933] [DEBUG] accessLog - GET /%7B%7Burl%7D%7D
[2017-09-03 23:01:04.934] [DEBUG] accessLog - GET /%7B%7Burl%7D%7D
[2017-09-03 23:02:28.178] [DEBUG] accessLog - GET /
[2017-09-03 23:02:28.900] [DEBUG] accessLog - GET /%7B%7Burl%7D%7D
[2017-09-03 23:02:28.902] [DEBUG] accessLog - GET /%7B%7Burl%7D%7D
[2017-09-03 23:02:28.903] [DEBUG] accessLog - GET /%7B%7Burl%7D%7D
[2017-09-03 23:02:28.912] [DEBUG] accessLog - GET /%7B%7Burl%7D%7D
[2017-09-03 23:02:49.268] [DEBUG] accessLog - GET /
[2017-09-03 23:02:49.895] [DEBUG] accessLog - GET /%7B%7Burl%7D%7D
[2017-09-03 23:02:49.897] [DEBUG] accessLog - GET /%7B%7Burl%7D%7D
[2017-09-03 23:02:49.898] [DEBUG] accessLog - GET /%7B%7Burl%7D%7D
[2017-09-03 23:02:49.899] [DEBUG] accessLog - GET /%7B%7Burl%7D%7D
[2017-09-03 23:02:55.860] [DEBUG] accessLog - GET /
[2017-09-03 23:02:57.065] [DEBUG] accessLog - GET /%7B%7Burl%7D%7D
[2017-09-03 23:02:57.070] [DEBUG] accessLog - GET /%7B%7Burl%7D%7D
[2017-09-03 23:02:57.073] [DEBUG] accessLog - GET /%7B%7Burl%7D%7D
[2017-09-03 23:02:57.074] [DEBUG] accessLog - GET /%7B%7Burl%7D%7D
[2017-09-03 23:03:20.621] [DEBUG] accessLog - GET /
[2017-09-03 23:03:21.320] [DEBUG] accessLog - GET /%7B%7Burl%7D%7D
[2017-09-03 23:03:21.321] [DEBUG] accessLog - GET /%7B%7Burl%7D%7D
[2017-09-03 23:03:21.322] [DEBUG] accessLog - GET /%7B%7Burl%7D%7D
[2017-09-03 23:03:21.324] [DEBUG] accessLog - GET /%7B%7Burl%7D%7D
[2017-09-03 23:03:31.226] [DEBUG] accessLog - GET /
[2017-09-03 23:03:32.586] [DEBUG] accessLog - GET /%7B%7Burl%7D%7D
[2017-09-03 23:03:32.587] [DEBUG] accessLog - GET /%7B%7Burl%7D%7D
[2017-09-03 23:03:32.591] [DEBUG] accessLog - GET /%7B%7Burl%7D%7D
[2017-09-03 23:03:32.592] [DEBUG] accessLog - GET /%7B%7Burl%7D%7D
[2017-09-03 23:05:35.425] [DEBUG] accessLog - GET /
[2017-09-03 23:05:36.046] [DEBUG] accessLog - GET /%7B%7Bitem%7D%7D
[2017-09-03 23:05:36.047] [DEBUG] accessLog - GET /%7B%7Bitem%7D%7D
[2017-09-03 23:05:36.048] [DEBUG] accessLog - GET /%7B%7Bitem%7D%7D
[2017-09-03 23:05:36.049] [DEBUG] accessLog - GET /%7B%7Bitem%7D%7D
[2017-09-03 23:06:16.063] [DEBUG] accessLog - GET /
[2017-09-03 23:13:42.168] [DEBUG] accessLog - GET /
[2017-09-03 23:13:42.766] [DEBUG] accessLog - GET /item
[2017-09-03 23:13:42.769] [DEBUG] accessLog - GET /item
[2017-09-03 23:13:42.771] [DEBUG] accessLog - GET /item
[2017-09-03 23:13:42.773] [DEBUG] accessLog - GET /item
[2017-09-03 23:13:42.774] [DEBUG] accessLog - GET /item
[2017-09-03 23:13:42.775] [DEBUG] accessLog - GET /item
[2017-09-03 23:13:55.724] [DEBUG] accessLog - GET /
[2017-09-03 23:13:57.235] [DEBUG] accessLog - GET /item
[2017-09-03 23:13:57.236] [DEBUG] accessLog - GET /item
[2017-09-03 23:13:57.238] [DEBUG] accessLog - GET /item
[2017-09-03 23:13:57.240] [DEBUG] accessLog - GET /item
[2017-09-03 23:13:57.242] [DEBUG] accessLog - GET /item
[2017-09-03 23:13:57.245] [DEBUG] accessLog - GET /item
[2017-09-03 23:14:14.172] [DEBUG] accessLog - GET /
[2017-09-03 23:14:14.844] [DEBUG] accessLog - GET /%7B%7Bitem%7D%7D
[2017-09-03 23:14:14.845] [DEBUG] accessLog - GET /%7B%7Bitem%7D%7D
[2017-09-03 23:14:14.846] [DEBUG] accessLog - GET /%7B%7Bitem%7D%7D
[2017-09-03 23:14:14.847] [DEBUG] accessLog - GET /%7B%7Bitem%7D%7D
[2017-09-03 23:14:14.848] [DEBUG] accessLog - GET /%7B%7Bitem%7D%7D
[2017-09-03 23:14:14.849] [DEBUG] accessLog - GET /%7B%7Bitem%7D%7D
[2017-09-03 23:14:22.758] [DEBUG] accessLog - GET /
[2017-09-03 23:14:23.930] [DEBUG] accessLog - GET /%7B%7Bitem%7D%7D
[2017-09-03 23:14:23.932] [DEBUG] accessLog - GET /%7B%7Bitem%7D%7D
[2017-09-03 23:14:23.934] [DEBUG] accessLog - GET /%7B%7Bitem%7D%7D
[2017-09-03 23:14:23.935] [DEBUG] accessLog - GET /%7B%7Bitem%7D%7D
[2017-09-03 23:14:23.937] [DEBUG] accessLog - GET /%7B%7Bitem%7D%7D
[2017-09-03 23:14:23.939] [DEBUG] accessLog - GET /%7B%7Bitem%7D%7D
[2017-09-03 23:15:32.892] [DEBUG] accessLog - GET /
[2017-09-03 23:15:33.653] [DEBUG] accessLog - GET /%7B%7Bitem%7D%7D
[2017-09-03 23:15:33.654] [DEBUG] accessLog - GET /%7B%7Bitem%7D%7D
[2017-09-03 23:15:33.655] [DEBUG] accessLog - GET /%7B%7Bitem%7D%7D
[2017-09-03 23:15:33.656] [DEBUG] accessLog - GET /%7B%7Bitem%7D%7D
[2017-09-03 23:15:33.657] [DEBUG] accessLog - GET /%7B%7Bitem%7D%7D
[2017-09-03 23:15:33.658] [DEBUG] accessLog - GET /%7B%7Bitem%7D%7D
[2017-09-03 23:15:48.220] [DEBUG] accessLog - GET /
[2017-09-03 23:15:49.757] [DEBUG] accessLog - GET /%7B%7Bitem%7D%7D
[2017-09-03 23:15:49.757] [DEBUG] accessLog - GET /%7B%7Bitem%7D%7D
[2017-09-03 23:15:49.759] [DEBUG] accessLog - GET /%7B%7Bitem%7D%7D
[2017-09-03 23:15:49.761] [DEBUG] accessLog - GET /%7B%7Bitem%7D%7D
[2017-09-03 23:15:49.763] [DEBUG] accessLog - GET /%7B%7Bitem%7D%7D
[2017-09-03 23:15:49.766] [DEBUG] accessLog - GET /%7B%7Bitem%7D%7D
[2017-09-03 23:18:02.613] [DEBUG] accessLog - GET /
[2017-09-03 23:19:54.635] [DEBUG] accessLog - GET /
[2017-09-03 23:20:25.949] [DEBUG] accessLog - GET /
[2017-09-03 23:21:00.975] [DEBUG] accessLog - GET /
[2017-09-03 23:21:08.761] [DEBUG] accessLog - GET /
[2017-09-03 23:21:13.479] [DEBUG] accessLog - GET /
[2017-09-03 23:22:06.677] [DEBUG] accessLog - GET /
[2017-09-03 23:22:34.126] [DEBUG] accessLog - GET /
[2017-09-03 23:22:40.005] [DEBUG] accessLog - GET /
[2017-09-03 23:22:42.775] [DEBUG] accessLog - GET /
[2017-09-03 23:23:28.389] [DEBUG] accessLog - GET /
[2017-09-03 23:23:38.662] [DEBUG] accessLog - GET /
[2017-09-03 23:24:07.825] [DEBUG] accessLog - GET /
[2017-09-03 23:24:24.049] [DEBUG] accessLog - GET /
[2017-09-03 23:25:47.660] [DEBUG] accessLog - GET /
[2017-09-03 23:26:59.091] [DEBUG] accessLog - GET /
[2017-09-03 23:27:18.084] [DEBUG] accessLog - GET /
[2017-09-03 23:29:17.318] [DEBUG] accessLog - GET /
[2017-09-03 23:33:57.309] [DEBUG] accessLog - GET /
[2017-09-03 23:37:04.798] [DEBUG] accessLog - GET /
[2017-09-03 23:37:50.062] [DEBUG] accessLog - GET /
[2017-09-03 23:38:05.129] [DEBUG] accessLog - GET /
[2017-09-03 23:42:03.010] [DEBUG] accessLog - GET /
[2017-09-03 23:42:24.786] [DEBUG] accessLog - GET /
[2017-09-03 23:45:09.562] [DEBUG] accessLog - GET /
[2017-09-03 23:46:54.724] [DEBUG] accessLog - GET /
[2017-09-03 23:48:03.897] [DEBUG] accessLog - GET /
[2017-09-03 23:48:04.514] [DEBUG] accessLog - GET /%7B%7B%20item%20%7D%7D
[2017-09-03 23:48:04.516] [DEBUG] accessLog - GET /%7B%7B%20item%20%7D%7D
[2017-09-03 23:48:04.517] [DEBUG] accessLog - GET /%7B%7B%20item%20%7D%7D
[2017-09-03 23:48:04.518] [DEBUG] accessLog - GET /%7B%7B%20item%20%7D%7D
[2017-09-03 23:48:17.545] [DEBUG] accessLog - GET /
[2017-09-03 23:48:18.682] [DEBUG] accessLog - GET /%7B%7B%20item%20%7D%7D
[2017-09-03 23:48:18.683] [DEBUG] accessLog - GET /%7B%7B%20item%20%7D%7D
[2017-09-03 23:48:18.685] [DEBUG] accessLog - GET /%7B%7B%20item%20%7D%7D
[2017-09-03 23:48:18.686] [DEBUG] accessLog - GET /%7B%7B%20item%20%7D%7D
[2017-09-03 23:48:34.544] [DEBUG] accessLog - GET /
[2017-09-03 23:49:31.751] [DEBUG] accessLog - GET /
[2017-09-03 23:49:32.415] [DEBUG] accessLog - GET /%7B%7B%20item%20%7D%7D
[2017-09-03 23:49:32.417] [DEBUG] accessLog - GET /%7B%7B%20item%20%7D%7D
[2017-09-03 23:49:32.417] [DEBUG] accessLog - GET /%7B%7B%20item%20%7D%7D
[2017-09-03 23:49:32.418] [DEBUG] accessLog - GET /%7B%7B%20item%20%7D%7D
[2017-09-03 23:49:38.846] [DEBUG] accessLog - GET /
[2017-09-03 23:49:39.707] [DEBUG] accessLog - GET /%7B%7B%20item%20%7D%7D
[2017-09-03 23:49:39.708] [DEBUG] accessLog - GET /%7B%7B%20item%20%7D%7D
[2017-09-03 23:49:39.710] [DEBUG] accessLog - GET /%7B%7B%20item%20%7D%7D
[2017-09-03 23:49:39.711] [DEBUG] accessLog - GET /%7B%7B%20item%20%7D%7D
[2017-09-03 23:52:59.987] [DEBUG] accessLog - GET /
[2017-09-03 23:53:55.852] [DEBUG] accessLog - GET /
[2017-09-03 23:56:34.683] [DEBUG] accessLog - GET /
