[2017-09-14 00:15:21.296] [DEBUG] accessLog - GET /
[2017-09-14 00:15:21.323] [DEBUG] accessLog - GET /node_modules/_element-ui@1.4.2@element-ui/lib/theme-default/index.css
[2017-09-14 00:15:21.332] [DEBUG] accessLog - GET /node_modules/_vue@2.4.2@vue/dist/vue.min.js
[2017-09-14 00:15:21.335] [DEBUG] accessLog - GET /node_modules/_element-ui@1.4.2@element-ui/lib/index.js
[2017-09-14 00:15:21.362] [DEBUG] accessLog - GET /favicon.ico
[2017-09-14 00:15:21.819] [DEBUG] accessLog - GET /
[2017-09-14 00:15:21.830] [DEBUG] accessLog - GET /node_modules/_element-ui@1.4.2@element-ui/lib/theme-default/index.css
[2017-09-14 00:15:21.835] [DEBUG] accessLog - GET /node_modules/_vue@2.4.2@vue/dist/vue.min.js
[2017-09-14 00:15:21.837] [DEBUG] accessLog - GET /node_modules/_element-ui@1.4.2@element-ui/lib/index.js
[2017-09-14 00:15:33.171] [DEBUG] accessLog - GET /node_modules/_element-ui@1.4.2@element-ui/lib/theme-default/index.css
[2017-09-14 00:17:04.156] [DEBUG] accessLog - GET /
[2017-09-14 00:17:04.182] [DEBUG] accessLog - GET /node_modules/_element-ui@1.4.2@element-ui/lib/theme-default/index.css
[2017-09-14 00:17:04.183] [DEBUG] accessLog - GET /node_modules/_vue@2.4.2@vue/dist/vue.min.js
[2017-09-14 00:17:04.190] [DEBUG] accessLog - GET /node_modules/_element-ui@1.4.2@element-ui/lib/index.js
[2017-09-14 00:20:36.845] [DEBUG] accessLog - GET /
[2017-09-14 00:20:36.878] [DEBUG] accessLog - GET /node_modules/_element-ui@1.4.2@element-ui/lib/theme-default/index.css
[2017-09-14 00:20:36.883] [DEBUG] accessLog - GET /node_modules/_element-ui@1.4.2@element-ui/lib/index.js
[2017-09-14 00:25:53.505] [DEBUG] accessLog - GET /
[2017-09-14 00:29:16.858] [DEBUG] accessLog - GET /
[2017-09-14 00:29:17.769] [DEBUG] accessLog - GET /c
[2017-09-14 00:29:44.478] [DEBUG] accessLog - GET /c
[2017-09-14 00:30:02.487] [DEBUG] accessLog - GET /
[2017-09-14 00:30:22.405] [DEBUG] accessLog - GET /
[2017-09-14 00:38:25.703] [DEBUG] accessLog - GET /
[2017-09-14 00:38:50.907] [DEBUG] accessLog - GET /
[2017-09-14 00:39:16.550] [DEBUG] accessLog - GET /
[2017-09-14 00:39:19.611] [DEBUG] accessLog - GET /
[2017-09-14 00:39:20.871] [DEBUG] accessLog - GET /
[2017-09-14 00:39:21.344] [DEBUG] accessLog - GET /
[2017-09-14 00:39:21.749] [DEBUG] accessLog - GET /
[2017-09-14 00:43:59.300] [DEBUG] accessLog - GET /
[2017-09-14 00:47:11.147] [DEBUG] accessLog - GET /
[2017-09-14 00:58:40.476] [DEBUG] accessLog - GET /
