[2017-08-26 02:45:14.403] [DEBUG] accessLog - GET /
[2017-08-26 02:45:14.476] [DEBUG] accessLog - GET /node_modules/_element-ui@1.4.2@element-ui/lib/theme-default/index.css
[2017-08-26 02:45:14.482] [DEBUG] accessLog - GET /node_modules/_vue@2.4.2@vue/dist/vue.min.js
[2017-08-26 02:45:14.484] [DEBUG] accessLog - GET /node_modules/_element-ui@1.4.2@element-ui/lib/index.js
[2017-08-26 02:45:14.486] [DEBUG] accessLog - GET /js
[2017-08-26 02:45:14.519] [DEBUG] accessLog - GET /node_modules/_element-ui@1.4.2@element-ui/lib/index.js
[2017-08-26 02:45:14.541] [DEBUG] accessLog - GET /js
[2017-08-26 02:45:14.580] [DEBUG] accessLog - GET /favicon.ico
[2017-08-26 02:45:14.604] [DEBUG] accessLog - GET /favicon.ico
[2017-08-26 02:46:05.916] [DEBUG] accessLog - GET /
[2017-08-26 02:46:06.033] [DEBUG] accessLog - GET /node_modules/_vue@2.4.2@vue/dist/vue.min.js
[2017-08-26 02:46:06.035] [DEBUG] accessLog - GET /node_modules/_element-ui@1.4.2@element-ui/lib/index.js
[2017-08-26 02:46:06.036] [DEBUG] accessLog - GET /node_modules/_element-ui@1.4.2@element-ui/lib/theme-default/index.css
[2017-08-26 02:46:06.037] [DEBUG] accessLog - GET /js
[2017-08-26 02:46:06.080] [DEBUG] accessLog - GET /node_modules/_element-ui@1.4.2@element-ui/lib/theme-default/index.css
[2017-08-26 02:46:06.081] [DEBUG] accessLog - GET /node_modules/_element-ui@1.4.2@element-ui/lib/index.js
[2017-08-26 02:46:06.101] [DEBUG] accessLog - GET /js
[2017-08-26 02:48:56.683] [DEBUG] accessLog - GET /
[2017-08-26 02:48:56.779] [DEBUG] accessLog - GET /public/node_modules/_element-ui@1.4.2@element-ui/lib/theme-default/index.css
[2017-08-26 02:48:56.781] [DEBUG] accessLog - GET /public/node_modules/_vue@2.4.2@vue/dist/vue.min.js
[2017-08-26 02:48:56.783] [DEBUG] accessLog - GET /public/node_modules/_element-ui@1.4.2@element-ui/lib/index.js
[2017-08-26 02:48:56.784] [DEBUG] accessLog - GET /public/js/menu/menu.js
[2017-08-26 02:48:56.830] [DEBUG] accessLog - GET /public/node_modules/_element-ui@1.4.2@element-ui/lib/index.js
[2017-08-26 02:48:56.861] [DEBUG] accessLog - GET /public/js/menu/menu.js
[2017-08-26 02:49:12.049] [DEBUG] accessLog - GET /
[2017-08-26 02:49:12.155] [DEBUG] accessLog - GET /public/node_modules/_element-ui@1.4.2@element-ui/lib/theme-default/index.css
[2017-08-26 02:49:12.159] [DEBUG] accessLog - GET /public/node_modules/_vue@2.4.2@vue/dist/vue.min.js
[2017-08-26 02:49:12.163] [DEBUG] accessLog - GET /public/node_modules/_element-ui@1.4.2@element-ui/lib/index.js
[2017-08-26 02:49:12.166] [DEBUG] accessLog - GET /public/js/menu/menu.js
[2017-08-26 02:49:12.286] [DEBUG] accessLog - GET /public/node_modules/_element-ui@1.4.2@element-ui/lib/index.js
[2017-08-26 02:49:12.434] [DEBUG] accessLog - GET /public/js/menu/menu.js
[2017-08-26 02:50:04.554] [DEBUG] accessLog - GET /
[2017-08-26 02:50:04.645] [DEBUG] accessLog - GET /node_modules/_element-ui@1.4.2@element-ui/lib/theme-default/index.css
[2017-08-26 02:50:04.648] [DEBUG] accessLog - GET /public/js/menu/menu.js
[2017-08-26 02:50:04.651] [DEBUG] accessLog - GET /node_modules/_vue@2.4.2@vue/dist/vue.min.js
[2017-08-26 02:50:04.652] [DEBUG] accessLog - GET /node_modules/_element-ui@1.4.2@element-ui/lib/index.js
[2017-08-26 02:50:04.692] [DEBUG] accessLog - GET /node_modules/_element-ui@1.4.2@element-ui/lib/index.js
[2017-08-26 02:50:04.720] [DEBUG] accessLog - GET /public/js/menu/menu.js
[2017-08-26 02:50:14.968] [DEBUG] accessLog - GET /
[2017-08-26 02:50:15.098] [DEBUG] accessLog - GET /node_modules/_element-ui@1.4.2@element-ui/lib/theme-default/index.css
[2017-08-26 02:50:15.102] [DEBUG] accessLog - GET /node_modules/_vue@2.4.2@vue/dist/vue.min.js
[2017-08-26 02:50:15.104] [DEBUG] accessLog - GET /node_modules/_element-ui@1.4.2@element-ui/lib/index.js
[2017-08-26 02:50:15.106] [DEBUG] accessLog - GET /public/js/menu/menu.js
[2017-08-26 02:50:15.222] [DEBUG] accessLog - GET /node_modules/_element-ui@1.4.2@element-ui/lib/index.js
[2017-08-26 02:50:15.274] [DEBUG] accessLog - GET /public/js/menu/menu.js
[2017-08-26 02:51:05.172] [DEBUG] accessLog - GET /
[2017-08-26 02:51:05.294] [DEBUG] accessLog - GET /node_modules/_element-ui@1.4.2@element-ui/lib/theme-default/index.css
[2017-08-26 02:51:05.297] [DEBUG] accessLog - GET /node_modules/_vue@2.4.2@vue/dist/vue.min.js
[2017-08-26 02:51:05.299] [DEBUG] accessLog - GET /node_modules/_element-ui@1.4.2@element-ui/lib/index.js
[2017-08-26 02:51:05.301] [DEBUG] accessLog - GET /public/js/menu/menu.js
[2017-08-26 02:51:05.341] [DEBUG] accessLog - GET /node_modules/_element-ui@1.4.2@element-ui/lib/index.js
[2017-08-26 02:51:05.361] [DEBUG] accessLog - GET /public/js/menu/menu.js
[2017-08-26 02:51:18.134] [DEBUG] accessLog - GET /
[2017-08-26 02:51:18.282] [DEBUG] accessLog - GET /node_modules/_element-ui@1.4.2@element-ui/lib/theme-default/index.css
[2017-08-26 02:51:18.285] [DEBUG] accessLog - GET /node_modules/_vue@2.4.2@vue/dist/vue.min.js
[2017-08-26 02:51:18.287] [DEBUG] accessLog - GET /node_modules/_element-ui@1.4.2@element-ui/lib/index.js
[2017-08-26 02:51:18.289] [DEBUG] accessLog - GET /public/js/menu/menu.js
[2017-08-26 02:51:18.421] [DEBUG] accessLog - GET /node_modules/_element-ui@1.4.2@element-ui/lib/index.js
[2017-08-26 02:51:18.485] [DEBUG] accessLog - GET /public/js/menu/menu.js
[2017-08-26 02:52:32.073] [DEBUG] accessLog - GET /node_modules/_element-ui@1.4.2@element-ui/lib/index.js
[2017-08-26 02:52:46.240] [DEBUG] accessLog - GET /_element-ui@1.4.2@element-ui/lib/index.js
[2017-08-26 02:53:08.403] [DEBUG] accessLog - GET /node_modules/_element-ui@1.4.2@element-ui/lib/index.js
[2017-08-26 02:53:36.469] [DEBUG] accessLog - GET /public/index.html
[2017-08-26 02:55:05.184] [DEBUG] accessLog - GET /index.html
[2017-08-26 02:59:28.597] [DEBUG] accessLog - GET /
[2017-08-26 02:59:28.736] [DEBUG] accessLog - GET /node_modules/_element-ui@1.4.2@element-ui/lib/theme-default/index.css
[2017-08-26 02:59:28.737] [DEBUG] accessLog - GET /node_modules/_element-ui@1.4.2@element-ui/lib/index.js
[2017-08-26 02:59:28.741] [DEBUG] accessLog - GET /public/js/menu/menu.js
[2017-08-26 02:59:28.742] [DEBUG] accessLog - GET /node_modules/_vue@2.4.2@vue/dist/vue.min.js
[2017-08-26 02:59:28.791] [DEBUG] accessLog - GET /node_modules/_element-ui@1.4.2@element-ui/lib/index.js
[2017-08-26 02:59:28.827] [DEBUG] accessLog - GET /public/js/menu/menu.js
[2017-08-26 02:59:38.143] [DEBUG] accessLog - GET /
[2017-08-26 02:59:39.256] [DEBUG] accessLog - GET /node_modules/_element-ui@1.4.2@element-ui/lib/theme-default/index.css
[2017-08-26 02:59:39.258] [DEBUG] accessLog - GET /node_modules/_vue@2.4.2@vue/dist/vue.min.js
[2017-08-26 02:59:39.260] [DEBUG] accessLog - GET /node_modules/_element-ui@1.4.2@element-ui/lib/index.js
[2017-08-26 02:59:39.261] [DEBUG] accessLog - GET /public/js/menu/menu.js
[2017-08-26 02:59:39.343] [DEBUG] accessLog - GET /node_modules/_element-ui@1.4.2@element-ui/lib/index.js
[2017-08-26 02:59:39.405] [DEBUG] accessLog - GET /public/js/menu/menu.js
[2017-08-26 02:59:39.445] [DEBUG] accessLog - GET /favicon.ico
[2017-08-26 02:59:39.458] [DEBUG] accessLog - GET /favicon.ico
[2017-08-26 03:04:05.522] [DEBUG] accessLog - GET /
[2017-08-26 03:04:06.279] [DEBUG] accessLog - GET /node_modules/_element-ui@1.4.2@element-ui/lib/theme-default/index.css
[2017-08-26 03:04:06.282] [DEBUG] accessLog - GET /node_modules/_element-ui@1.4.2@element-ui/lib/index.js
[2017-08-26 03:04:06.285] [DEBUG] accessLog - GET /public/js/menu/menu.js
[2017-08-26 03:04:06.286] [DEBUG] accessLog - GET /node_modules/_vue@2.4.2@vue/dist/vue.min.js
[2017-08-26 03:04:06.329] [DEBUG] accessLog - GET /node_modules/_element-ui@1.4.2@element-ui/lib/index.js
[2017-08-26 03:04:06.357] [DEBUG] accessLog - GET /public/js/menu/menu.js
[2017-08-26 03:04:06.399] [DEBUG] accessLog - GET /favicon.ico
[2017-08-26 03:04:06.427] [DEBUG] accessLog - GET /favicon.ico
[2017-08-26 03:04:22.316] [DEBUG] accessLog - GET /node_modules/_element-ui@1.4.2@element-ui/lib/index.js
[2017-08-26 03:05:45.412] [DEBUG] accessLog - GET /
[2017-08-26 03:05:45.547] [DEBUG] accessLog - GET /node_modules/_element-ui@1.4.2@element-ui/lib/theme-default/index.css
[2017-08-26 03:05:45.549] [DEBUG] accessLog - GET /node_modules/_element-ui@1.4.2@element-ui/lib/index.js
[2017-08-26 03:05:45.551] [DEBUG] accessLog - GET /node_modules/_vue@2.4.2@vue/dist/vue.min.js
[2017-08-26 03:05:45.553] [DEBUG] accessLog - GET /public/js/menu/menu.js
[2017-08-26 03:05:45.589] [DEBUG] accessLog - GET /node_modules/_element-ui@1.4.2@element-ui/lib/index.js
[2017-08-26 03:05:45.605] [DEBUG] accessLog - GET /public/js/menu/menu.js
[2017-08-26 03:06:02.545] [DEBUG] accessLog - GET /node_modules/_element-ui@1.4.2@element-ui/lib/index.js
[2017-08-26 03:08:20.177] [DEBUG] accessLog - GET /
[2017-08-26 03:08:20.292] [DEBUG] accessLog - GET /node_modules/_element-ui@1.4.2@element-ui/lib/theme-default/index.css
[2017-08-26 03:08:20.293] [DEBUG] accessLog - GET /node_modules/_vue@2.4.2@vue/dist/vue.min.js
[2017-08-26 03:08:20.296] [DEBUG] accessLog - GET /node_modules/_element-ui@1.4.2@element-ui/lib/index.js
[2017-08-26 03:08:20.297] [DEBUG] accessLog - GET /public/js/menu/menu.js
[2017-08-26 03:08:20.340] [DEBUG] accessLog - GET /node_modules/_element-ui@1.4.2@element-ui/lib/index.js
[2017-08-26 03:08:20.356] [DEBUG] accessLog - GET /public/js/menu/menu.js
[2017-08-26 03:08:38.854] [DEBUG] accessLog - GET /
[2017-08-26 03:08:38.958] [DEBUG] accessLog - GET /node_modules/_element-ui@1.4.2@element-ui/lib/theme-default/index.css
[2017-08-26 03:08:38.959] [DEBUG] accessLog - GET /node_modules/_element-ui@1.4.2@element-ui/lib/index.js
[2017-08-26 03:08:38.962] [DEBUG] accessLog - GET /public/js/menu/menu.js
[2017-08-26 03:08:38.964] [DEBUG] accessLog - GET /node_modules/_vue@2.4.2@vue/dist/vue.min.js
[2017-08-26 03:08:39.006] [DEBUG] accessLog - GET /node_modules/_element-ui@1.4.2@element-ui/lib/index.js
[2017-08-26 03:08:39.022] [DEBUG] accessLog - GET /public/js/menu/menu.js
[2017-08-26 03:08:58.370] [DEBUG] accessLog - GET /node_modules/_element-ui@1.4.2@element-ui/lib/theme-default/index.css
[2017-08-26 03:09:01.111] [DEBUG] accessLog - GET /node_modules/_vue@2.4.2@vue/dist/vue.min.js
[2017-08-26 03:09:03.478] [DEBUG] accessLog - GET /public/js/menu/menu.js
[2017-08-26 03:11:31.342] [DEBUG] accessLog - GET /
[2017-08-26 03:11:31.481] [DEBUG] accessLog - GET /public/js/menu/menu.js
[2017-08-26 03:11:31.791] [DEBUG] accessLog - GET /public/js/menu/menu.js
[2017-08-26 03:12:08.003] [DEBUG] accessLog - GET /
[2017-08-26 03:12:08.160] [DEBUG] accessLog - GET /public/js/menu/menu.js
[2017-08-26 03:12:08.459] [DEBUG] accessLog - GET /public/js/menu/menu.js
[2017-08-26 03:13:13.843] [DEBUG] accessLog - GET /
[2017-08-26 03:13:13.990] [DEBUG] accessLog - GET /public/js/menu/menu.js
[2017-08-26 03:13:14.271] [DEBUG] accessLog - GET /public/js/menu/menu.js
[2017-08-26 03:13:24.378] [DEBUG] accessLog - GET /public/js/menu/menu.js
[2017-08-26 03:13:36.520] [DEBUG] accessLog - GET /js/menu/menu.js
[2017-08-26 03:14:24.914] [DEBUG] accessLog - GET /
[2017-08-26 03:14:25.052] [DEBUG] accessLog - GET /public/js/menu/menu.js
[2017-08-26 03:14:25.332] [DEBUG] accessLog - GET /public/js/menu/menu.js
[2017-08-26 03:14:37.716] [DEBUG] accessLog - GET /public/js/menu/menu.js
[2017-08-26 03:15:58.207] [DEBUG] accessLog - GET /
[2017-08-26 03:15:58.349] [DEBUG] accessLog - GET /public/js/menu/menu.js
[2017-08-26 03:15:58.656] [DEBUG] accessLog - GET /public/js/menu/menu.js
[2017-08-26 03:16:42.340] [DEBUG] accessLog - GET /
[2017-08-26 03:16:42.513] [DEBUG] accessLog - GET /public/js/menu/menu.js
[2017-08-26 03:16:42.767] [DEBUG] accessLog - GET /public/js/menu/menu.js
[2017-08-26 03:16:55.691] [DEBUG] accessLog - GET /public/js/menu/menu.js
[2017-08-26 03:17:04.007] [DEBUG] accessLog - GET /src/public/js/menu/menu.js
[2017-08-26 03:17:23.895] [DEBUG] accessLog - GET /public/public/js/menu/menu.js
[2017-08-26 03:18:14.004] [DEBUG] accessLog - GET /
[2017-08-26 03:18:31.756] [DEBUG] accessLog - GET /
[2017-08-26 03:19:31.121] [DEBUG] accessLog - GET /
[2017-08-26 03:19:31.521] [DEBUG] accessLog - GET /favicon.ico
[2017-08-26 03:19:31.547] [DEBUG] accessLog - GET /favicon.ico
[2017-08-26 03:19:39.884] [DEBUG] accessLog - GET /
[2017-08-26 03:20:15.094] [DEBUG] accessLog - GET /
[2017-08-26 03:27:07.290] [DEBUG] accessLog - GET /
[2017-08-26 14:04:36.112] [DEBUG] accessLog - GET /
[2017-08-26 14:10:36.517] [DEBUG] accessLog - GET /
[2017-08-26 14:14:18.224] [DEBUG] accessLog - GET /
[2017-08-26 14:15:17.933] [DEBUG] accessLog - GET /
[2017-08-26 14:16:24.412] [DEBUG] accessLog - GET /
[2017-08-26 14:16:54.603] [DEBUG] accessLog - GET /
[2017-08-26 14:17:00.850] [DEBUG] accessLog - GET /
[2017-08-26 14:17:05.639] [DEBUG] accessLog - GET /
[2017-08-26 14:17:32.939] [DEBUG] accessLog - GET /
[2017-08-26 14:18:53.783] [DEBUG] accessLog - GET /
[2017-08-26 14:24:37.148] [DEBUG] accessLog - GET /
[2017-08-26 14:24:39.955] [DEBUG] accessLog - GET /
[2017-08-26 14:26:24.041] [DEBUG] accessLog - GET /
[2017-08-26 14:26:29.809] [DEBUG] accessLog - GET /
[2017-08-26 14:27:08.886] [DEBUG] accessLog - GET /
[2017-08-26 14:27:40.502] [DEBUG] accessLog - GET /
[2017-08-26 14:27:43.730] [DEBUG] accessLog - GET /
[2017-08-26 14:29:36.722] [DEBUG] accessLog - GET /
[2017-08-26 14:30:23.173] [DEBUG] accessLog - GET /
[2017-08-26 14:30:27.990] [DEBUG] accessLog - GET /
[2017-08-26 14:33:24.942] [DEBUG] accessLog - GET /
[2017-08-26 15:43:07.210] [DEBUG] accessLog - GET /
[2017-08-26 15:44:02.021] [DEBUG] accessLog - GET /
